<?xml version="1.0" encoding="UTF-8"?>
<!-- Generated by org.testng.reporters.JUnitReportReporter -->
<testsuite skipped="0" hostname="DESKTOP-9GTK2I1" name="MavenTest.MavenTestP.Mavprac" tests="2" failures="0" timestamp="07 May 2019 22:21:29 GMT" time="0.010" errors="0">
  <testcase name="sub" time="0.009" classname="MavenTest.MavenTestP.Mavprac"/>
  <testcase name="sum" time="0.001" classname="MavenTest.MavenTestP.Mavprac"/>
</testsuite> <!-- MavenTest.MavenTestP.Mavprac -->
