<?xml version="1.0" encoding="UTF-8"?>
<!-- Generated by org.testng.reporters.JUnitReportReporter -->
<testsuite skipped="0" hostname="DESKTOP-9GTK2I1" name="MavenTest.MavenTestP.MavpracTest" tests="3" failures="0" timestamp="28 May 2019 22:13:26 GMT" time="0.015" errors="0">
  <testcase name="sum" time="0.001" classname="MavenTest.MavenTestP.MavpracTest"/>
  <testcase name="sub" time="0.002" classname="MavenTest.MavenTestP.MavpracTest"/>
  <testcase name="multiply" time="0.012" classname="MavenTest.MavenTestP.MavpracTest"/>
</testsuite> <!-- MavenTest.MavenTestP.MavpracTest -->
