<?xml version="1.0" encoding="UTF-8"?>
<!-- Generated by org.testng.reporters.JUnitReportReporter -->
<testsuite skipped="0" hostname="DESKTOP-9GTK2I1" name="MavenTest.MavenTestP.MavpracTest" tests="2" failures="0" timestamp="07 May 2019 23:33:31 GMT" time="0.004" errors="0">
  <testcase name="sum" time="0.000" classname="MavenTest.MavenTestP.MavpracTest"/>
  <testcase name="sub" time="0.004" classname="MavenTest.MavenTestP.MavpracTest"/>
</testsuite> <!-- MavenTest.MavenTestP.MavpracTest -->
